<?xml version="1.0" encoding="UTF-8"?>
<!-- Generated by org.testng.reporters.JUnitXMLReporter -->
<testsuite hostname="DESKTOP-M7LA5BV" ignored="0" name="JUnitTests" tests="15" failures="1" timestamp="26 Jul 2017 10:14:03 GMT" time="3.827" errors="0">
  <testcase name="testLogin[0] on testLogin[0](Java.LoginCaseTest)" time="0.015" classname="Java.LoginCaseTest">
    <failure type="java.lang.AssertionError" message="expected:&amp;lt;0&amp;gt; but was:&amp;lt;204&amp;gt;">
      <![CDATA[java.lang.AssertionError: expected:<0> but was:<204>
	at org.junit.Assert.fail(Assert.java:88)
	at org.junit.Assert.failNotEquals(Assert.java:834)
	at org.junit.Assert.assertEquals(Assert.java:645)
	at org.junit.Assert.assertEquals(Assert.java:631)
	at Java.LoginCaseTest.testLogin(LoginCaseTest.java:45)
	at sun.reflect.NativeMethodAccessorImpl.invoke0(Native Method)
	at sun.reflect.NativeMethodAccessorImpl.invoke(NativeMethodAccessorImpl.java:62)
	at sun.reflect.DelegatingMethodAccessorImpl.invoke(DelegatingMethodAccessorImpl.java:43)
	at java.lang.reflect.Method.invoke(Method.java:498)
	at org.junit.runners.model.FrameworkMethod$1.runReflectiveCall(FrameworkMethod.java:50)
	at org.junit.internal.runners.model.ReflectiveCallable.run(ReflectiveCallable.java:12)
	at org.junit.runners.model.FrameworkMethod.invokeExplosively(FrameworkMethod.java:47)
	at org.junit.internal.runners.statements.InvokeMethod.evaluate(InvokeMethod.java:17)
	at org.junit.runners.ParentRunner.runLeaf(ParentRunner.java:325)
	at org.junit.runners.BlockJUnit4ClassRunner.runChild(BlockJUnit4ClassRunner.java:78)
	at org.junit.runners.BlockJUnit4ClassRunner.runChild(BlockJUnit4ClassRunner.java:57)
	at org.junit.runners.ParentRunner$3.run(ParentRunner.java:290)
	at org.junit.runners.ParentRunner$1.schedule(ParentRunner.java:71)
	at org.junit.runners.ParentRunner.runChildren(ParentRunner.java:288)
	at org.junit.runners.ParentRunner.access$000(ParentRunner.java:58)
	at org.junit.runners.ParentRunner$2.evaluate(ParentRunner.java:268)
	at org.junit.runners.ParentRunner.run(ParentRunner.java:363)
	at org.junit.runners.Suite.runChild(Suite.java:128)
	at org.junit.runners.Suite.runChild(Suite.java:27)
	at org.junit.runners.ParentRunner$3.run(ParentRunner.java:290)
	at org.junit.runners.ParentRunner$1.schedule(ParentRunner.java:71)
	at org.junit.runners.ParentRunner.runChildren(ParentRunner.java:288)
	at org.junit.runners.ParentRunner.access$000(ParentRunner.java:58)
	at org.junit.runners.ParentRunner$2.evaluate(ParentRunner.java:268)
	at org.junit.runners.ParentRunner.run(ParentRunner.java:363)
	at org.junit.runner.JUnitCore.run(JUnitCore.java:137)
	at org.junit.runner.JUnitCore.run(JUnitCore.java:115)
	at org.testng.junit.JUnit4TestRunner.start(JUnit4TestRunner.java:82)
	at org.testng.junit.JUnit4TestRunner.run(JUnit4TestRunner.java:70)
	at org.testng.TestRunner$1.run(TestRunner.java:667)
	at org.testng.TestRunner.runJUnitWorkers(TestRunner.java:950)
	at org.testng.TestRunner.privateRunJUnit(TestRunner.java:698)
	at org.testng.TestRunner.run(TestRunner.java:599)
	at org.testng.SuiteRunner.runTest(SuiteRunner.java:380)
	at org.testng.SuiteRunner.runSequentially(SuiteRunner.java:375)
	at org.testng.SuiteRunner.privateRun(SuiteRunner.java:340)
	at org.testng.SuiteRunner.run(SuiteRunner.java:289)
	at org.testng.SuiteRunnerWorker.runSuite(SuiteRunnerWorker.java:52)
	at org.testng.SuiteRunnerWorker.run(SuiteRunnerWorker.java:86)
	at org.testng.TestNG.runSuitesSequentially(TestNG.java:1301)
	at org.testng.TestNG.runSuitesLocally(TestNG.java:1226)
	at org.testng.TestNG.runSuites(TestNG.java:1144)
	at org.testng.TestNG.run(TestNG.java:1115)
	at org.apache.maven.surefire.testng.TestNGExecutor.run(TestNGExecutor.java:283)
	at org.apache.maven.surefire.testng.TestNGXmlTestSuite.execute(TestNGXmlTestSuite.java:75)
	at org.apache.maven.surefire.testng.TestNGProvider.invoke(TestNGProvider.java:120)
	at org.apache.maven.surefire.booter.ForkedBooter.invokeProviderInSameClassLoader(ForkedBooter.java:386)
	at org.apache.maven.surefire.booter.ForkedBooter.runSuitesInProcess(ForkedBooter.java:323)
	at org.apache.maven.surefire.booter.ForkedBooter.main(ForkedBooter.java:143)
]]>
    </failure>
  </testcase> <!-- testLogin[0] on testLogin[0](Java.LoginCaseTest) -->
  <testcase name="testLogin[1] on testLogin[1](Java.LoginCaseTest)" time="0.031" classname="Java.LoginCaseTest"/>
  <testcase name="testLogin[2] on testLogin[2](Java.LoginCaseTest)" time="0.031" classname="Java.LoginCaseTest"/>
  <testcase name="testLogin[3] on testLogin[3](Java.LoginCaseTest)" time="0.031" classname="Java.LoginCaseTest"/>
  <testcase name="testLogin[4] on testLogin[4](Java.LoginCaseTest)" time="0.031" classname="Java.LoginCaseTest"/>
  <testcase name="testLogin[5] on testLogin[5](Java.LoginCaseTest)" time="0.031" classname="Java.LoginCaseTest"/>
  <testcase name="testLogin[6] on testLogin[6](Java.LoginCaseTest)" time="0.031" classname="Java.LoginCaseTest"/>
  <testcase name="testLogin[7] on testLogin[7](Java.LoginCaseTest)" time="0.031" classname="Java.LoginCaseTest"/>
  <testcase name="testLogin[8] on testLogin[8](Java.LoginCaseTest)" time="0.031" classname="Java.LoginCaseTest"/>
  <testcase name="testCheckUserExist[0] on testCheckUserExist[0](Java.CheckUserExistCaseTest)" time="0.015" classname="Java.CheckUserExistCaseTest"/>
  <testcase name="testCheckUserExist[1] on testCheckUserExist[1](Java.CheckUserExistCaseTest)" time="0.015" classname="Java.CheckUserExistCaseTest"/>
  <testcase name="testCheckUserExist[2] on testCheckUserExist[2](Java.CheckUserExistCaseTest)" time="0.015" classname="Java.CheckUserExistCaseTest"/>
  <testcase name="testCheckUserExist[3] on testCheckUserExist[3](Java.CheckUserExistCaseTest)" time="0.015" classname="Java.CheckUserExistCaseTest"/>
  <testcase name="testCheckUserExist[4] on testCheckUserExist[4](Java.CheckUserExistCaseTest)" time="0.015" classname="Java.CheckUserExistCaseTest"/>
  <testcase name="testCheckUserExist[5] on testCheckUserExist[5](Java.CheckUserExistCaseTest)" time="0.015" classname="Java.CheckUserExistCaseTest"/>
</testsuite> <!-- JUnitTests -->
